<?xml version="1.0" encoding="UTF-8"?>
<testsuites name="SH collection" time="129.42" tests="2" failures="0" errors="0">
   <testsuite name="Smoke suite" tests="2" failures="0" errors="0" time="114.989" skipped="0" timestamp="23-01-2024T13:11:44" hostname="qabletestlab - 192.168.1.9" id="Test Suites/Smoke suite">
      <properties>
[...]
</properties>
      <testcase name="Test Cases/Login" time="44.245" classname="Test Cases/Login" status="PASSED">
         <system-out><![CDATA[23-01-2024T13:11:44 - [TEST_CASE][PASSED] - Test Cases/Login: Test Cases/Login

23-01-2024T13:11:45 - [TEST_STEP][PASSED] - openBrowser(""): Browser is opened with url: ''

23-01-2024T13:11:45 - [MESSAGE][INFO] - User set preference: ['os', 'macos']

23-01-2024T13:11:45 - [MESSAGE][INFO] - User set preference: ['browserName', 'chrome']

23-01-2024T13:11:45 - [MESSAGE][INFO] - User set preference: ['browserVersion', '119']

23-01-2024T13:11:45 - [MESSAGE][INFO] - User set preference: ['katalon:option', '{organizationId=1359117, tunnelId=, usingTunnel=false}']

23-01-2024T13:11:45 - [MESSAGE][INFO] - Connecting to remote web server 'testcloud.katalon.com/hub' with type 'Selenium'

23-01-2024T13:11:45 - [MESSAGE][INFO] - Action delay is set to 0 milliseconds

23-01-2024T13:12:19 - [MESSAGE][PASSED] - Browser is opened with url: ''

23-01-2024T13:12:19 - [TEST_STEP][PASSED] - navigateToUrl("https://pyxis.lifeisgoodforlearner.com/login"): Navigate to 'https://pyxis.lifeisgoodforlearner.com/login' successfully

23-01-2024T13:12:23 - [MESSAGE][PASSED] - Navigate to 'https://pyxis.lifeisgoodforlearner.com/login' successfully

23-01-2024T13:12:23 - [TEST_STEP][PASSED] - takeScreenshotAsCheckpoint("Wellcomepage"): Taking screenshot successfully

23-01-2024T13:12:28 - [MESSAGE][INFO] - 0 hidden object(s)

23-01-2024T13:12:29 - [MESSAGE][PASSED] - Taking screenshot successfully
[[ATTACHMENT|keyes/keyes-Wellcomepage.png]]]]></system-out>
         <system-err><![CDATA[]]></system-err>
      </testcase>
      <testcase name="Test Cases/VerifyDashboard" time="70.346" classname="Test Cases/VerifyDashboard" status="PASSED">
         <system-out><![CDATA[23-01-2024T13:12:29 - [TEST_CASE][PASSED] - Test Cases/VerifyDashboard: Test Cases/VerifyDashboard

23-01-2024T13:12:29 - [TEST_STEP][PASSED] - openBrowser(""): Browser is opened with url: ''

23-01-2024T13:12:29 - [MESSAGE][WARNING] - A browser is already opened. Closing browser and opening a new one

23-01-2024T13:12:30 - [MESSAGE][INFO] - User set preference: ['os', 'macos']

23-01-2024T13:12:30 - [MESSAGE][INFO] - User set preference: ['browserName', 'chrome']

23-01-2024T13:12:30 - [MESSAGE][INFO] - User set preference: ['browserVersion', '119']

23-01-2024T13:12:30 - [MESSAGE][INFO] - User set preference: ['katalon:option', '{organizationId=1359117, tunnelId=, usingTunnel=false}']

23-01-2024T13:12:30 - [MESSAGE][INFO] - Connecting to remote web server 'testcloud.katalon.com/hub' with type 'Selenium'

23-01-2024T13:12:30 - [MESSAGE][INFO] - Action delay is set to 0 milliseconds

23-01-2024T13:13:00 - [MESSAGE][PASSED] - Browser is opened with url: ''

23-01-2024T13:13:00 - [TEST_STEP][PASSED] - navigateToUrl("https://pyxis.lifeisgoodforlearner.com/login"): Navigate to 'https://pyxis.lifeisgoodforlearner.com/login' successfully

23-01-2024T13:13:03 - [MESSAGE][PASSED] - Navigate to 'https://pyxis.lifeisgoodforlearner.com/login' successfully

23-01-2024T13:13:03 - [TEST_STEP][PASSED] - setText(findTestObject("Object Repository/logout/input_email"), "ankit@qable.io"): Text 'ankit@qable.io' is set on object 'Object Repository/logout/input_email'

23-01-2024T13:13:10 - [MESSAGE][PASSED] - Text 'ankit@qable.io' is set on object 'Object Repository/logout/input_email'

23-01-2024T13:13:10 - [TEST_STEP][PASSED] - setEncryptedText(findTestObject("Object Repository/logout/input_password"), "GTlPq8sqzIAVcUdIXgqPeg=="): Text ****** has been set on object 'Object Repository/logout/input_password'

23-01-2024T13:13:14 - [MESSAGE][PASSED] - Text ****** has been set on object 'Object Repository/logout/input_password'

23-01-2024T13:13:14 - [TEST_STEP][PASSED] - click(findTestObject("Object Repository/logout/button_Login")): Object: 'Object Repository/logout/button_Login' is clicked on

23-01-2024T13:13:17 - [MESSAGE][PASSED] - Object: 'Object Repository/logout/button_Login' is clicked on

23-01-2024T13:13:17 - [TEST_STEP][PASSED] - verifyElementVisible(findTestObject("Object Repository/logout/button_Create Sequence")): Object 'Object Repository/logout/button_Create Sequence' is visible

23-01-2024T13:13:23 - [MESSAGE][PASSED] - Object 'Object Repository/logout/button_Create Sequence' is visible

23-01-2024T13:13:23 - [TEST_STEP][PASSED] - click(findTestObject("Object Repository/logout/div_AP")): Object: 'Object Repository/logout/div_AP' is clicked on

23-01-2024T13:13:27 - [MESSAGE][PASSED] - Object: 'Object Repository/logout/div_AP' is clicked on

23-01-2024T13:13:27 - [TEST_STEP][PASSED] - verifyElementVisible(findTestObject("Object Repository/logout/div_Log Out")): Object 'Object Repository/logout/div_Log Out' is visible

23-01-2024T13:13:33 - [MESSAGE][PASSED] - Object 'Object Repository/logout/div_Log Out' is visible

23-01-2024T13:13:33 - [TEST_STEP][PASSED] - click(findTestObject("Object Repository/logout/div_Log Out")): Object: 'Object Repository/logout/div_Log Out' is clicked on

23-01-2024T13:13:36 - [MESSAGE][PASSED] - Object: 'Object Repository/logout/div_Log Out' is clicked on

23-01-2024T13:13:36 - [TEST_STEP][PASSED] - verifyElementVisible(findTestObject("Object Repository/logout/span_Welcome Back to Saleshandy")): Object 'Object Repository/logout/span_Welcome Back to Saleshandy' is visible

23-01-2024T13:13:39 - [MESSAGE][PASSED] - Object 'Object Repository/logout/span_Welcome Back to Saleshandy' is visible]]></system-out>
         <system-err><![CDATA[]]></system-err>
      </testcase>
      <system-out><![CDATA[23-01-2024T13:11:44 - [TEST_SUITE][PASSED] - Smoke suite: Test Cases/VerifyDashboard]]></system-out>
      <system-err><![CDATA[]]></system-err>
   </testsuite>
</testsuites>
