<?xml version="1.0" encoding="UTF-8"?>
<testsuites name="Smoke suite" time="181.447" tests="2" failures="0" errors="0">
   <testsuite name="Smoke suite" tests="2" failures="0" errors="0" time="181.447" skipped="0" timestamp="23-01-2024T17:32:37" hostname="qabletestlab - 192.168.1.9" id="Test Suites/Smoke suite">
      <properties>
[...]
</properties>
      <testcase name="Test Cases/Login" time="77.24" classname="Test Cases/Login" status="PASSED">
         <system-out><![CDATA[23-01-2024T17:32:37 - [TEST_CASE][PASSED] - Test Cases/Login: Test Cases/Login

23-01-2024T17:32:38 - [TEST_STEP][PASSED] - openBrowser(""): Browser is opened with url: ''

23-01-2024T17:32:38 - [MESSAGE][INFO] - User set preference: ['os', 'windows']

23-01-2024T17:32:38 - [MESSAGE][INFO] - User set preference: ['browserName', 'chrome']

23-01-2024T17:32:38 - [MESSAGE][INFO] - User set preference: ['browserVersion', '119']

23-01-2024T17:32:38 - [MESSAGE][INFO] - User set preference: ['katalon:option', '{organizationId=1359117, tunnelId=, usingTunnel=false}']

23-01-2024T17:32:38 - [MESSAGE][INFO] - Connecting to remote web server 'testcloud.katalon.com/hub' with type 'Selenium'

23-01-2024T17:32:39 - [MESSAGE][INFO] - Action delay is set to 0 milliseconds

23-01-2024T17:33:05 - [MESSAGE][PASSED] - Browser is opened with url: ''

23-01-2024T17:33:05 - [TEST_STEP][PASSED] - navigateToUrl("https://pyxis.lifeisgoodforlearner.com/login"): Navigate to 'https://pyxis.lifeisgoodforlearner.com/login' successfully

23-01-2024T17:33:08 - [MESSAGE][PASSED] - Navigate to 'https://pyxis.lifeisgoodforlearner.com/login' successfully

23-01-2024T17:33:08 - [TEST_STEP][PASSED] - sendKeys(findTestObject("Page_Login/input_email"), "ankit@qable.io"): Keys 'ankit@qable.io' sent to object: 'Object Repository/Page_Login/input_email'

23-01-2024T17:33:12 - [MESSAGE][PASSED] - Keys 'ankit@qable.io' sent to object: 'Object Repository/Page_Login/input_email'

23-01-2024T17:33:12 - [TEST_STEP][PASSED] - sendKeys(findTestObject("Page_Login/input_password"), "QAble@2020"): Keys 'QAble@2020' sent to object: 'Object Repository/Page_Login/input_password'

23-01-2024T17:33:15 - [MESSAGE][PASSED] - Keys 'QAble@2020' sent to object: 'Object Repository/Page_Login/input_password'

23-01-2024T17:33:15 - [TEST_STEP][PASSED] - click(findTestObject("Page_Login/span_Login")): Object: 'Object Repository/Page_Login/span_Login' is clicked on

23-01-2024T17:33:17 - [MESSAGE][PASSED] - Object: 'Object Repository/Page_Login/span_Login' is clicked on

23-01-2024T17:33:17 - [TEST_STEP][PASSED] - verifyElementVisible(findTestObject("Object Repository/Page_Login/svg")): Object 'Object Repository/Page_Login/svg' is visible

23-01-2024T17:33:50 - [MESSAGE][INFO] - Unable to find the element located by 'By.xpath: '. Please recheck the objects properties to make sure the desired element is located. 

23-01-2024T17:33:50 - [MESSAGE][WARNING] - [SELF-HEALING] Failed to find element with id 'Object Repository/Page_Login/svg'. Try using Self-healing.

23-01-2024T17:33:53 - [MESSAGE][WARNING] - [SELF-HEALING] The current locator of test object 'Object Repository/Page_Login/svg' was broken. Propose an alternative one: 'svg'.

23-01-2024T17:33:54 - [MESSAGE][PASSED] - Object 'Object Repository/Page_Login/svg' is visible]]></system-out>
         <system-err><![CDATA[]]></system-err>
      </testcase>
      <testcase name="Test Cases/VerifyDashboard" time="103.88" classname="Test Cases/VerifyDashboard" status="PASSED">
         <system-out><![CDATA[23-01-2024T17:33:54 - [TEST_CASE][PASSED] - Test Cases/VerifyDashboard: Test Cases/VerifyDashboard

23-01-2024T17:33:55 - [TEST_STEP][PASSED] - callTestCase(findTestCase("Login"), [:], STOP_ON_FAILURE): Call Test Case 'Test Cases/Login' successfully

23-01-2024T17:33:55 - [TEST_CASE][PASSED] - Test Cases/Login: Test Cases/Login

23-01-2024T17:33:55 - [TEST_STEP][PASSED] - openBrowser(""): Browser is opened with url: ''

23-01-2024T17:33:55 - [MESSAGE][WARNING] - A browser is already opened. Closing browser and opening a new one

23-01-2024T17:33:56 - [MESSAGE][INFO] - User set preference: ['os', 'windows']

23-01-2024T17:33:56 - [MESSAGE][INFO] - User set preference: ['browserName', 'chrome']

23-01-2024T17:33:56 - [MESSAGE][INFO] - User set preference: ['browserVersion', '119']

23-01-2024T17:33:56 - [MESSAGE][INFO] - User set preference: ['katalon:option', '{organizationId=1359117, tunnelId=, usingTunnel=false}']

23-01-2024T17:33:56 - [MESSAGE][INFO] - Connecting to remote web server 'testcloud.katalon.com/hub' with type 'Selenium'

23-01-2024T17:33:56 - [MESSAGE][INFO] - Action delay is set to 0 milliseconds

23-01-2024T17:34:26 - [MESSAGE][PASSED] - Browser is opened with url: ''

23-01-2024T17:34:26 - [TEST_STEP][PASSED] - navigateToUrl("https://pyxis.lifeisgoodforlearner.com/login"): Navigate to 'https://pyxis.lifeisgoodforlearner.com/login' successfully

23-01-2024T17:34:30 - [MESSAGE][PASSED] - Navigate to 'https://pyxis.lifeisgoodforlearner.com/login' successfully

23-01-2024T17:34:30 - [TEST_STEP][PASSED] - sendKeys(findTestObject("Page_Login/input_email"), "ankit@qable.io"): Keys 'ankit@qable.io' sent to object: 'Object Repository/Page_Login/input_email'

23-01-2024T17:34:33 - [MESSAGE][PASSED] - Keys 'ankit@qable.io' sent to object: 'Object Repository/Page_Login/input_email'

23-01-2024T17:34:33 - [TEST_STEP][PASSED] - sendKeys(findTestObject("Page_Login/input_password"), "QAble@2020"): Keys 'QAble@2020' sent to object: 'Object Repository/Page_Login/input_password'

23-01-2024T17:34:36 - [MESSAGE][PASSED] - Keys 'QAble@2020' sent to object: 'Object Repository/Page_Login/input_password'

23-01-2024T17:34:36 - [TEST_STEP][PASSED] - click(findTestObject("Page_Login/span_Login")): Object: 'Object Repository/Page_Login/span_Login' is clicked on

23-01-2024T17:34:39 - [MESSAGE][PASSED] - Object: 'Object Repository/Page_Login/span_Login' is clicked on

23-01-2024T17:34:39 - [TEST_STEP][PASSED] - verifyElementVisible(findTestObject("Object Repository/Page_Login/svg")): Object 'Object Repository/Page_Login/svg' is visible

23-01-2024T17:35:12 - [MESSAGE][INFO] - Unable to find the element located by 'By.xpath: '. Please recheck the objects properties to make sure the desired element is located. 

23-01-2024T17:35:12 - [MESSAGE][WARNING] - [SELF-HEALING] Failed to find element with id 'Object Repository/Page_Login/svg'. Try using Self-healing.

23-01-2024T17:35:14 - [MESSAGE][WARNING] - [SELF-HEALING] The current locator of test object 'Object Repository/Page_Login/svg' was broken. Propose an alternative one: 'svg'.

23-01-2024T17:35:16 - [MESSAGE][PASSED] - Object 'Object Repository/Page_Login/svg' is visible

23-01-2024T17:35:16 - [MESSAGE][INFO] - 

23-01-2024T17:35:16 - [MESSAGE][INFO] - ===================== Self-healing Report ====================

23-01-2024T17:35:16 - [MESSAGE][INFO] - One of the failed test object locators has been recovered by Self-healing. Please refer to the Self-healing Insights tab for more details.

23-01-2024T17:35:16 - [MESSAGE][INFO] - To learn more about Self-healing, please read https://docs.katalon.com/katalon-studio/docs/self-healing.html

23-01-2024T17:35:16 - [MESSAGE][INFO] - ==============================================================

23-01-2024T17:35:16 - [MESSAGE][PASSED] - Call Test Case 'Test Cases/Login' successfully

23-01-2024T17:35:16 - [TEST_STEP][PASSED] - waitForElementClickable(findTestObject("button_Create Sequence"), 5): Object 'Object Repository/button_Create Sequence' is clickable

23-01-2024T17:35:19 - [MESSAGE][PASSED] - Object 'Object Repository/button_Create Sequence' is clickable

23-01-2024T17:35:19 - [TEST_STEP][PASSED] - verifyElementVisible(findTestObject("Object Repository/logout/button_Create Sequence")): Object 'Object Repository/logout/button_Create Sequence' is visible

23-01-2024T17:35:24 - [MESSAGE][PASSED] - Object 'Object Repository/logout/button_Create Sequence' is visible

23-01-2024T17:35:24 - [TEST_STEP][PASSED] - click(findTestObject("Object Repository/logout/div_AP")): Object: 'Object Repository/logout/div_AP' is clicked on

23-01-2024T17:35:28 - [MESSAGE][PASSED] - Object: 'Object Repository/logout/div_AP' is clicked on

23-01-2024T17:35:28 - [TEST_STEP][PASSED] - verifyElementVisible(findTestObject("Object Repository/logout/div_Log Out")): Object 'Object Repository/logout/div_Log Out' is visible

23-01-2024T17:35:31 - [MESSAGE][PASSED] - Object 'Object Repository/logout/div_Log Out' is visible

23-01-2024T17:35:31 - [TEST_STEP][PASSED] - click(findTestObject("Object Repository/logout/div_Log Out")): Object: 'Object Repository/logout/div_Log Out' is clicked on

23-01-2024T17:35:34 - [MESSAGE][PASSED] - Object: 'Object Repository/logout/div_Log Out' is clicked on

23-01-2024T17:35:34 - [TEST_STEP][PASSED] - verifyElementVisible(findTestObject("Object Repository/logout/span_Welcome Back to Saleshandy")): Object 'Object Repository/logout/span_Welcome Back to Saleshandy' is visible

23-01-2024T17:35:38 - [MESSAGE][PASSED] - Object 'Object Repository/logout/span_Welcome Back to Saleshandy' is visible]]></system-out>
         <system-err><![CDATA[]]></system-err>
      </testcase>
      <system-out><![CDATA[23-01-2024T17:32:37 - [TEST_SUITE][PASSED] - Smoke suite: Test Cases/VerifyDashboard]]></system-out>
      <system-err><![CDATA[]]></system-err>
   </testsuite>
</testsuites>
