<?xml version="1.0" encoding="UTF-8"?>
<testsuites name="Smoke suite" time="240.763" tests="2" failures="0" errors="0">
   <testsuite name="Smoke suite" tests="2" failures="0" errors="0" time="240.763" skipped="0" timestamp="23-01-2024T17:47:35" hostname="qabletestlab - 192.168.1.9" id="Test Suites/Smoke suite">
      <properties>
[...]
</properties>
      <testcase name="Test Cases/Login" time="103.903" classname="Test Cases/Login" status="PASSED">
         <system-out><![CDATA[23-01-2024T17:47:35 - [TEST_CASE][PASSED] - Test Cases/Login: Test Cases/Login

23-01-2024T17:47:35 - [TEST_STEP][PASSED] - openBrowser(""): Browser is opened with url: ''

23-01-2024T17:47:36 - [MESSAGE][INFO] - User set preference: ['os', 'windows']

23-01-2024T17:47:36 - [MESSAGE][INFO] - User set preference: ['browserName', 'chrome']

23-01-2024T17:47:36 - [MESSAGE][INFO] - User set preference: ['browserVersion', '119']

23-01-2024T17:47:36 - [MESSAGE][INFO] - User set preference: ['katalon:option', '{organizationId=1359117, tunnelId=, usingTunnel=false}']

23-01-2024T17:47:36 - [MESSAGE][INFO] - Connecting to remote web server 'testcloud.katalon.com/hub' with type 'Selenium'

23-01-2024T17:47:36 - [MESSAGE][INFO] - Action delay is set to 0 milliseconds

23-01-2024T17:48:06 - [MESSAGE][PASSED] - Browser is opened with url: ''

23-01-2024T17:48:06 - [TEST_STEP][PASSED] - navigateToUrl("https://pyxis.lifeisgoodforlearner.com/login"): Navigate to 'https://pyxis.lifeisgoodforlearner.com/login' successfully

23-01-2024T17:48:11 - [MESSAGE][PASSED] - Navigate to 'https://pyxis.lifeisgoodforlearner.com/login' successfully

23-01-2024T17:48:11 - [TEST_STEP][PASSED] - takeScreenshotAsCheckpoint("homepage"): Taking screenshot successfully

23-01-2024T17:48:22 - [MESSAGE][INFO] - 0 hidden object(s)

23-01-2024T17:48:22 - [MESSAGE][PASSED] - Taking screenshot successfully
[[ATTACHMENT|keyes/keyes-homepage.png]]

23-01-2024T17:48:22 - [TEST_STEP][PASSED] - sendKeys(findTestObject("Page_Login/input_email"), "ankit@qable.io"): Keys 'ankit@qable.io' sent to object: 'Object Repository/Page_Login/input_email'

23-01-2024T17:48:26 - [MESSAGE][PASSED] - Keys 'ankit@qable.io' sent to object: 'Object Repository/Page_Login/input_email'

23-01-2024T17:48:26 - [TEST_STEP][PASSED] - sendKeys(findTestObject("Page_Login/input_password"), "QAble@2020"): Keys 'QAble@2020' sent to object: 'Object Repository/Page_Login/input_password'

23-01-2024T17:48:29 - [MESSAGE][PASSED] - Keys 'QAble@2020' sent to object: 'Object Repository/Page_Login/input_password'

23-01-2024T17:48:29 - [TEST_STEP][PASSED] - click(findTestObject("Page_Login/span_Login")): Object: 'Object Repository/Page_Login/span_Login' is clicked on

23-01-2024T17:48:32 - [MESSAGE][PASSED] - Object: 'Object Repository/Page_Login/span_Login' is clicked on

23-01-2024T17:48:32 - [TEST_STEP][PASSED] - takeScreenshotAsCheckpoint("dashboard"): Taking screenshot successfully

23-01-2024T17:48:42 - [MESSAGE][INFO] - 0 hidden object(s)

23-01-2024T17:48:42 - [MESSAGE][PASSED] - Taking screenshot successfully
[[ATTACHMENT|keyes/keyes-dashboard.png]]

23-01-2024T17:48:42 - [TEST_STEP][PASSED] - verifyElementVisible(findTestObject("Object Repository/Page_Login/svg")): Object 'Object Repository/Page_Login/svg' is visible

23-01-2024T17:49:15 - [MESSAGE][INFO] - Unable to find the element located by 'By.xpath: '. Please recheck the objects properties to make sure the desired element is located. 

23-01-2024T17:49:15 - [MESSAGE][WARNING] - [SELF-HEALING] Failed to find element with id 'Object Repository/Page_Login/svg'. Try using Self-healing.

23-01-2024T17:49:17 - [MESSAGE][WARNING] - [SELF-HEALING] The current locator of test object 'Object Repository/Page_Login/svg' was broken. Propose an alternative one: 'svg'.

23-01-2024T17:49:19 - [MESSAGE][PASSED] - Object 'Object Repository/Page_Login/svg' is visible]]></system-out>
         <system-err><![CDATA[]]></system-err>
      </testcase>
      <testcase name="Test Cases/VerifyDashboard" time="136.504" classname="Test Cases/VerifyDashboard" status="PASSED">
         <system-out><![CDATA[23-01-2024T17:49:19 - [TEST_CASE][PASSED] - Test Cases/VerifyDashboard: Test Cases/VerifyDashboard

23-01-2024T17:49:19 - [TEST_STEP][PASSED] - callTestCase(findTestCase("Login"), [:], STOP_ON_FAILURE): Call Test Case 'Test Cases/Login' successfully

23-01-2024T17:49:19 - [TEST_CASE][PASSED] - Test Cases/Login: Test Cases/Login

23-01-2024T17:49:19 - [TEST_STEP][PASSED] - openBrowser(""): Browser is opened with url: ''

23-01-2024T17:49:19 - [MESSAGE][WARNING] - A browser is already opened. Closing browser and opening a new one

23-01-2024T17:49:20 - [MESSAGE][INFO] - User set preference: ['os', 'windows']

23-01-2024T17:49:20 - [MESSAGE][INFO] - User set preference: ['browserName', 'chrome']

23-01-2024T17:49:20 - [MESSAGE][INFO] - User set preference: ['browserVersion', '119']

23-01-2024T17:49:20 - [MESSAGE][INFO] - User set preference: ['katalon:option', '{organizationId=1359117, tunnelId=, usingTunnel=false}']

23-01-2024T17:49:20 - [MESSAGE][INFO] - Connecting to remote web server 'testcloud.katalon.com/hub' with type 'Selenium'

23-01-2024T17:49:20 - [MESSAGE][INFO] - Action delay is set to 0 milliseconds

23-01-2024T17:49:55 - [MESSAGE][PASSED] - Browser is opened with url: ''

23-01-2024T17:49:55 - [TEST_STEP][PASSED] - navigateToUrl("https://pyxis.lifeisgoodforlearner.com/login"): Navigate to 'https://pyxis.lifeisgoodforlearner.com/login' successfully

23-01-2024T17:49:59 - [MESSAGE][PASSED] - Navigate to 'https://pyxis.lifeisgoodforlearner.com/login' successfully

23-01-2024T17:49:59 - [TEST_STEP][PASSED] - takeScreenshotAsCheckpoint("homepage"): Taking screenshot successfully

23-01-2024T17:50:05 - [MESSAGE][INFO] - 0 hidden object(s)

23-01-2024T17:50:05 - [MESSAGE][PASSED] - Taking screenshot successfully
[[ATTACHMENT|keyes/keyes-homepage.png]]

23-01-2024T17:50:05 - [TEST_STEP][PASSED] - sendKeys(findTestObject("Page_Login/input_email"), "ankit@qable.io"): Keys 'ankit@qable.io' sent to object: 'Object Repository/Page_Login/input_email'

23-01-2024T17:50:09 - [MESSAGE][PASSED] - Keys 'ankit@qable.io' sent to object: 'Object Repository/Page_Login/input_email'

23-01-2024T17:50:09 - [TEST_STEP][PASSED] - sendKeys(findTestObject("Page_Login/input_password"), "QAble@2020"): Keys 'QAble@2020' sent to object: 'Object Repository/Page_Login/input_password'

23-01-2024T17:50:11 - [MESSAGE][PASSED] - Keys 'QAble@2020' sent to object: 'Object Repository/Page_Login/input_password'

23-01-2024T17:50:11 - [TEST_STEP][PASSED] - click(findTestObject("Page_Login/span_Login")): Object: 'Object Repository/Page_Login/span_Login' is clicked on

23-01-2024T17:50:14 - [MESSAGE][PASSED] - Object: 'Object Repository/Page_Login/span_Login' is clicked on

23-01-2024T17:50:14 - [TEST_STEP][PASSED] - takeScreenshotAsCheckpoint("dashboard"): Taking screenshot successfully

23-01-2024T17:50:22 - [MESSAGE][INFO] - 0 hidden object(s)

23-01-2024T17:50:22 - [MESSAGE][PASSED] - Taking screenshot successfully
[[ATTACHMENT|keyes/keyes-dashboard.png]]

23-01-2024T17:50:22 - [TEST_STEP][PASSED] - verifyElementVisible(findTestObject("Object Repository/Page_Login/svg")): Object 'Object Repository/Page_Login/svg' is visible

23-01-2024T17:50:53 - [MESSAGE][INFO] - Unable to find the element located by 'By.xpath: '. Please recheck the objects properties to make sure the desired element is located. 

23-01-2024T17:50:53 - [MESSAGE][WARNING] - [SELF-HEALING] Failed to find element with id 'Object Repository/Page_Login/svg'. Try using Self-healing.

23-01-2024T17:50:55 - [MESSAGE][WARNING] - [SELF-HEALING] The current locator of test object 'Object Repository/Page_Login/svg' was broken. Propose an alternative one: 'svg'.

23-01-2024T17:50:57 - [MESSAGE][PASSED] - Object 'Object Repository/Page_Login/svg' is visible

23-01-2024T17:50:57 - [MESSAGE][INFO] - 

23-01-2024T17:50:57 - [MESSAGE][INFO] - ===================== Self-healing Report ====================

23-01-2024T17:50:57 - [MESSAGE][INFO] - One of the failed test object locators has been recovered by Self-healing. Please refer to the Self-healing Insights tab for more details.

23-01-2024T17:50:57 - [MESSAGE][INFO] - To learn more about Self-healing, please read https://docs.katalon.com/katalon-studio/docs/self-healing.html

23-01-2024T17:50:57 - [MESSAGE][INFO] - ==============================================================

23-01-2024T17:50:57 - [MESSAGE][PASSED] - Call Test Case 'Test Cases/Login' successfully

23-01-2024T17:50:57 - [TEST_STEP][PASSED] - waitForElementClickable(findTestObject("button_Create Sequence"), 5): Object 'Object Repository/button_Create Sequence' is clickable

23-01-2024T17:51:01 - [MESSAGE][PASSED] - Object 'Object Repository/button_Create Sequence' is clickable

23-01-2024T17:51:01 - [TEST_STEP][PASSED] - verifyElementVisible(findTestObject("Object Repository/logout/button_Create Sequence")): Object 'Object Repository/logout/button_Create Sequence' is visible

23-01-2024T17:51:05 - [MESSAGE][PASSED] - Object 'Object Repository/logout/button_Create Sequence' is visible

23-01-2024T17:51:05 - [TEST_STEP][PASSED] - click(findTestObject("Object Repository/logout/div_AP")): Object: 'Object Repository/logout/div_AP' is clicked on

23-01-2024T17:51:08 - [MESSAGE][PASSED] - Object: 'Object Repository/logout/div_AP' is clicked on

23-01-2024T17:51:09 - [TEST_STEP][PASSED] - verifyElementVisible(findTestObject("Object Repository/logout/div_Log Out")): Object 'Object Repository/logout/div_Log Out' is visible

23-01-2024T17:51:13 - [MESSAGE][PASSED] - Object 'Object Repository/logout/div_Log Out' is visible

23-01-2024T17:51:13 - [TEST_STEP][PASSED] - takeScreenshotAsCheckpoint("logout"): Taking screenshot successfully

23-01-2024T17:51:17 - [MESSAGE][INFO] - 0 hidden object(s)

23-01-2024T17:51:17 - [MESSAGE][PASSED] - Taking screenshot successfully
[[ATTACHMENT|keyes/keyes-logout.png]]

23-01-2024T17:51:17 - [TEST_STEP][PASSED] - click(findTestObject("Object Repository/logout/div_Log Out")): Object: 'Object Repository/logout/div_Log Out' is clicked on

23-01-2024T17:51:21 - [MESSAGE][PASSED] - Object: 'Object Repository/logout/div_Log Out' is clicked on

23-01-2024T17:51:21 - [TEST_STEP][PASSED] - verifyElementVisible(findTestObject("Object Repository/logout/span_Welcome Back to Saleshandy")): Object 'Object Repository/logout/span_Welcome Back to Saleshandy' is visible

23-01-2024T17:51:26 - [MESSAGE][PASSED] - Object 'Object Repository/logout/span_Welcome Back to Saleshandy' is visible

23-01-2024T17:51:26 - [TEST_STEP][PASSED] - takeFullPageScreenshotAsCheckpoint("hopageFull"): Taking screenshot successfully

23-01-2024T17:51:35 - [MESSAGE][INFO] - 0 hidden object(s)

23-01-2024T17:51:36 - [MESSAGE][PASSED] - Taking screenshot successfully
[[ATTACHMENT|keyes/keyes-hopageFull.png]]]]></system-out>
         <system-err><![CDATA[]]></system-err>
      </testcase>
      <system-out><![CDATA[23-01-2024T17:47:35 - [TEST_SUITE][PASSED] - Smoke suite: Test Cases/VerifyDashboard]]></system-out>
      <system-err><![CDATA[]]></system-err>
   </testsuite>
</testsuites>
