<?xml version="1.0" encoding="UTF-8"?>
<testsuites name="Smoke suite" time="73.709" tests="1" failures="0" errors="0">
   <testsuite name="Smoke suite" tests="1" failures="0" errors="0" time="73.709" skipped="0" timestamp="23-01-2024T12:55:52" hostname="qabletestlab - 192.168.1.9" id="Test Suites/Smoke suite">
      <properties>
[...]
</properties>
      <testcase name="Test Cases/Login" time="73.29" classname="Test Cases/Login" status="PASSED">
         <system-out><![CDATA[23-01-2024T12:55:53 - [TEST_CASE][PASSED] - Test Cases/Login: Test Cases/Login

23-01-2024T12:55:54 - [TEST_STEP][PASSED] - openBrowser(""): Browser is opened with url: ''

23-01-2024T12:55:54 - [MESSAGE][INFO] - User set preference: ['os', 'macos']

23-01-2024T12:55:54 - [MESSAGE][INFO] - User set preference: ['browserName', 'chrome']

23-01-2024T12:55:54 - [MESSAGE][INFO] - User set preference: ['browserVersion', '119']

23-01-2024T12:55:54 - [MESSAGE][INFO] - User set preference: ['katalon:option', '{organizationId=1359117, tunnelId=27ec254c-3602-4242-b275-47c9fdb44251, usingTunnel=true}']

23-01-2024T12:55:54 - [MESSAGE][INFO] - Connecting to remote web server 'testcloud.katalon.com/hub' with type 'Selenium'

23-01-2024T12:55:55 - [MESSAGE][INFO] - Action delay is set to 0 milliseconds

23-01-2024T12:56:48 - [MESSAGE][PASSED] - Browser is opened with url: ''

23-01-2024T12:56:48 - [TEST_STEP][PASSED] - navigateToUrl("https://pyxis.lifeisgoodforlearner.com/login"): Navigate to 'https://pyxis.lifeisgoodforlearner.com/login' successfully

23-01-2024T12:57:00 - [MESSAGE][PASSED] - Navigate to 'https://pyxis.lifeisgoodforlearner.com/login' successfully

23-01-2024T12:57:00 - [TEST_STEP][PASSED] - takeScreenshotAsCheckpoint("Wellcomepage"): Taking screenshot successfully

23-01-2024T12:57:06 - [MESSAGE][INFO] - 0 hidden object(s)

23-01-2024T12:57:06 - [MESSAGE][PASSED] - Taking screenshot successfully
[[ATTACHMENT|keyes/keyes-Wellcomepage.png]]]]></system-out>
         <system-err><![CDATA[]]></system-err>
      </testcase>
      <system-out><![CDATA[23-01-2024T12:55:52 - [TEST_SUITE][PASSED] - Smoke suite: Test Cases/Login]]></system-out>
      <system-err><![CDATA[]]></system-err>
   </testsuite>
</testsuites>
